<?xml version="1.0" encoding="UTF-8"?>
<testng-results ignored="0" total="1" passed="1" failed="0" skipped="0">
  <reporter-output>
  </reporter-output>
  <suite started-at="2024-10-18T11:57:14 IST" name="Default suite" finished-at="2024-10-18T11:57:37 IST" duration-ms="23107">
    <groups>
    </groups>
    <test started-at="2024-10-18T11:57:14 IST" name="Default test" finished-at="2024-10-18T11:57:37 IST" duration-ms="23107">
      <class name="in.amazone.test.E2ETest">
        <test-method is-config="true" signature="suiteMethod()[pri:0, instance:in.amazone.test.E2ETest@909217e]" started-at="2024-10-18T11:57:14 IST" name="suiteMethod" finished-at="2024-10-18T11:57:14 IST" duration-ms="7" status="PASS">
          <reporter-output>
          </reporter-output>
        </test-method> <!-- suiteMethod -->
        <test-method is-config="true" signature="classMethod()[pri:0, instance:in.amazone.test.E2ETest@909217e]" started-at="2024-10-18T11:57:14 IST" name="classMethod" finished-at="2024-10-18T11:57:14 IST" duration-ms="1" status="PASS">
          <reporter-output>
          </reporter-output>
        </test-method> <!-- classMethod -->
        <test-method is-config="true" signature="beforeMethod()[pri:0, instance:in.amazone.test.E2ETest@909217e]" started-at="2024-10-18T11:57:14 IST" name="beforeMethod" finished-at="2024-10-18T11:57:37 IST" duration-ms="23067" status="PASS">
          <reporter-output>
          </reporter-output>
        </test-method> <!-- beforeMethod -->
        <test-method signature="TC001_test1()[pri:0, instance:in.amazone.test.E2ETest@909217e]" started-at="2024-10-18T11:57:37 IST" name="TC001_test1" finished-at="2024-10-18T11:57:37 IST" duration-ms="7" status="PASS">
          <reporter-output>
          </reporter-output>
        </test-method> <!-- TC001_test1 -->
        <test-method is-config="true" signature="afterMethod()[pri:0, instance:in.amazone.test.E2ETest@909217e]" started-at="2024-10-18T11:57:37 IST" name="afterMethod" finished-at="2024-10-18T11:57:37 IST" duration-ms="1" status="PASS">
          <reporter-output>
          </reporter-output>
        </test-method> <!-- afterMethod -->
        <test-method is-config="true" signature="afterClassMethod()[pri:0, instance:in.amazone.test.E2ETest@909217e]" started-at="2024-10-18T11:57:37 IST" name="afterClassMethod" finished-at="2024-10-18T11:57:37 IST" duration-ms="1" status="PASS">
          <reporter-output>
          </reporter-output>
        </test-method> <!-- afterClassMethod -->
        <test-method is-config="true" signature="afterSuiteMethod()[pri:0, instance:in.amazone.test.E2ETest@909217e]" started-at="2024-10-18T11:57:37 IST" name="afterSuiteMethod" finished-at="2024-10-18T11:57:37 IST" duration-ms="1" status="PASS">
          <reporter-output>
          </reporter-output>
        </test-method> <!-- afterSuiteMethod -->
      </class> <!-- in.amazone.test.E2ETest -->
    </test> <!-- Default test -->
  </suite> <!-- Default suite -->
</testng-results>
